  Assignment 1.cpp
C:\GitHub\Assignment1\Assignment 1\Assignment 1\Assignment 1.cpp(14,14): error C2065: 'string': undeclared identifier
C:\GitHub\Assignment1\Assignment 1\Assignment 1\Assignment 1.cpp(14,7): error C2923: 'std::vector': 'string' is not a valid template type argument for parameter '_Ty'
C:\GitHub\Assignment1\Assignment 1\Assignment 1\Assignment 1.cpp(14): message : see declaration of 'string'
C:\GitHub\Assignment1\Assignment 1\Assignment 1\Assignment 1.cpp(14,7): error C2976: 'std::vector': too few template arguments
C:\Program Files\Microsoft Visual Studio\2022\Professional\VC\Tools\MSVC\14.33.31629\include\vector(496): message : see declaration of 'std::vector'
C:\GitHub\Assignment1\Assignment 1\Assignment 1\Assignment 1.cpp(14,22): error C2133: 'inventory': unknown size
C:\GitHub\Assignment1\Assignment 1\Assignment 1\Assignment 1.cpp(14,22): error C2512: 'std::vector': no appropriate default constructor available
C:\Program Files\Microsoft Visual Studio\2022\Professional\VC\Tools\MSVC\14.33.31629\include\vector(496,1): message : see declaration of 'std::vector'
C:\GitHub\Assignment1\Assignment 1\Assignment 1\Assignment 1.cpp(16,43): error C2663: 'std::vector<_Ty,_Alloc>::push_back': 2 overloads have no legal conversion for 'this' pointer
C:\GitHub\Assignment1\Assignment 1\Assignment 1\Assignment 1.cpp(17,43): error C2663: 'std::vector<_Ty,_Alloc>::push_back': 2 overloads have no legal conversion for 'this' pointer
C:\GitHub\Assignment1\Assignment 1\Assignment 1\Assignment 1.cpp(18,43): error C2663: 'std::vector<_Ty,_Alloc>::push_back': 2 overloads have no legal conversion for 'this' pointer
C:\GitHub\Assignment1\Assignment 1\Assignment 1\Assignment 1.cpp(20,45): error C2662: 'allocator_traits<allocator_traits<_Alloc>::rebind_alloc<_Ty>>::size_type std::vector<_Ty,_Alloc>::size(void) noexcept const': cannot convert 'this' pointer from 'std::vector' to 'const std::vector<_Ty,_Alloc> &'
C:\GitHub\Assignment1\Assignment 1\Assignment 1\Assignment 1.cpp(20,45): message : Reason: cannot convert from 'std::vector' to 'const std::vector<_Ty,_Alloc>'
C:\GitHub\Assignment1\Assignment 1\Assignment 1\Assignment 1.cpp(20,30): message : Conversion requires a second user-defined-conversion operator or constructor
C:\Program Files\Microsoft Visual Studio\2022\Professional\VC\Tools\MSVC\14.33.31629\include\vector(1729,39): message : see declaration of 'std::vector<_Ty,_Alloc>::size'
C:\GitHub\Assignment1\Assignment 1\Assignment 1\Assignment 1.cpp(25,38): error C2662: 'allocator_traits<allocator_traits<_Alloc>::rebind_alloc<_Ty>>::size_type std::vector<_Ty,_Alloc>::size(void) noexcept const': cannot convert 'this' pointer from 'std::vector' to 'const std::vector<_Ty,_Alloc> &'
C:\GitHub\Assignment1\Assignment 1\Assignment 1\Assignment 1.cpp(25,38): message : Reason: cannot convert from 'std::vector' to 'const std::vector<_Ty,_Alloc>'
C:\GitHub\Assignment1\Assignment 1\Assignment 1\Assignment 1.cpp(25,23): message : Conversion requires a second user-defined-conversion operator or constructor
C:\Program Files\Microsoft Visual Studio\2022\Professional\VC\Tools\MSVC\14.33.31629\include\vector(1729,39): message : see declaration of 'std::vector<_Ty,_Alloc>::size'
C:\GitHub\Assignment1\Assignment 1\Assignment 1\Assignment 1.cpp(26,27): error C2678: binary '[': no operator found which takes a left-hand operand of type 'std::vector' (or there is no acceptable conversion)
C:\Program Files\Microsoft Visual Studio\2022\Professional\VC\Tools\MSVC\14.33.31629\include\vector(1754,40): message : could be 'const _Ty &std::vector<_Ty,_Alloc>::operator [](const allocator_traits<allocator_traits<_Alloc>::rebind_alloc<_Ty>>::size_type) noexcept const'
C:\Program Files\Microsoft Visual Studio\2022\Professional\VC\Tools\MSVC\14.33.31629\include\vector(1744,34): message : or       '_Ty &std::vector<_Ty,_Alloc>::operator [](const allocator_traits<allocator_traits<_Alloc>::rebind_alloc<_Ty>>::size_type) noexcept'
C:\GitHub\Assignment1\Assignment 1\Assignment 1\Assignment 1.cpp(26,27): message : while trying to match the argument list '(std::vector, int)'
